[   0.000000] Linux version 5.4.0-70-generic (buildd@lcy01-amd64-004) (gcc version 9.3.0 (Ubuntu 9.3.0-17ubuntu1~20.04)) #78-Ubuntu SMP Fri Mar 19 13:29:52 UTC 2021 (Ubuntu 5.4.0-70.78-generic 5.4.94)
[    0.000000] Command line: BOOT_IMAGE=/boot/vmlinuz-5.4.0-70-generic root=UUID=788513d7-c8ec-48be-856c-a56243d004a7 ro console=tty1 console=ttyS0
[    0.000000] KERNEL supported cpus:
[    0.000000]   Intel GenuineIntel
[    0.000000]   AMD AuthenticAMD
[    0.000000]   Hygon HygonGenuine
[    0.000000]   Centaur CentaurHauls
[    0.000000]   zhaoxin   Shanghai  
[    0.000000] x86/fpu: Supporting XSAVE feature 0x001: 'x87 floating point registers'
[    0.000000] x86/fpu: Supporting XSAVE feature 0x002: 'SSE registers'
[    0.000000] x86/fpu: Supporting XSAVE feature 0x004: 'AVX registers'
[    0.000000] x86/fpu: xstate_offset[2]:  576, xstate_sizes[2]:  256
[    0.000000] x86/fpu: Enabled xstate features 0x7, context size is 832 bytes, using 'standard' format.
[    0.000000] BIOS-provided physical RAM map:
[    0.000000] BIOS-e820: [mem 0x0000000000000000-0x000000000009fbff] usable
[    0.000000] BIOS-e820: [mem 0x000000000009fc00-0x000000000009ffff] reserved
[    0.000000] BIOS-e820: [mem 0x00000000000f0000-0x00000000000fffff] reserved
[    0.000000] BIOS-e820: [mem 0x0000000000100000-0x000000003ffeffff] usable
[    0.000000] BIOS-e820: [mem 0x000000003fff0000-0x000000003fffffff] ACPI data
[    0.000000] BIOS-e820: [mem 0x00000000fec00000-0x00000000fec00fff] reserved
[    0.000000] BIOS-e820: [mem 0x00000000fee00000-0x00000000fee00fff] reserved
[    0.000000] BIOS-e820: [mem 0x00000000fffc0000-0x00000000ffffffff] reserved
[    0.000000] NX (Execute Disable) protection: active
[    0.000000] SMBIOS 2.5 present.
[    0.000000] DMI: innotek GmbH VirtualBox/VirtualBox, BIOS VirtualBox 12/01/2006
[    0.000000] Hypervisor detected: KVM
[    0.000000] kvm-clock: Using msrs 4b564d01 and 4b564d00
[    0.000000] kvm-clock: cpu 0, msr 3d801001, primary cpu clock
[    0.000000] kvm-clock: using sched offset of 25516098825 cycles
[    0.000002] clocksource: kvm-clock: mask: 0xffffffffffffffff max_cycles: 0x1cd42e4dffb, max_idle_ns: 881590591483 ns
[    0.000005] tsc: Detected 3192.000 MHz processor
[    0.002043] last_pfn = 0x3fff0 max_arch_pfn = 0x400000000
[    0.002056] Disabled
[    0.002057] x86/PAT: MTRRs disabled, skipping PAT initialization too.
[    0.002059] CPU MTRRs all blank - virtualized system.
[    0.002062] x86/PAT: Configuration [0-7]: WB  WT  UC- UC  WB  WT  UC- UC  
[    0.002120] found SMP MP-table at [mem 0x0009fff0-0x0009ffff]
[    0.136728] check: Scanning 1 areas for low memory corruption
[    0.136834] RAMDISK: [mem 0x2e0db000-0x33064fff]
[    0.136846] ACPI: Early table checksum verification disabled
[    0.136850] ACPI: RSDP 0x00000000000E0000 000024 (v02 VBOX  )
[    0.136854] ACPI: XSDT 0x000000003FFF0030 00003C (v01 VBOX   VBOXXSDT 00000001 ASL  00000061)
[    0.136859] ACPI: FACP 0x000000003FFF00F0 0000F4 (v04 VBOX   VBOXFACP 00000001 ASL  00000061)
[    0.136865] ACPI: DSDT 0x000000003FFF0470 002325 (v02 VBOX   VBOXBIOS 00000002 INTL 20120111)
[    0.136868] ACPI: FACS 0x000000003FFF0200 000040
[    0.136871] ACPI: FACS 0x000000003FFF0200 000040
[    0.136873] ACPI: APIC 0x000000003FFF0240 00005C (v02 VBOX   VBOXAPIC 00000001 ASL  00000061)
[    0.136876] ACPI: SSDT 0x000000003FFF02A0 0001CC (v01 VBOX   VBOXCPUT 00000002 INTL 20120111)
[    0.137126] No NUMA configuration found
[    0.137127] Faking a node at [mem 0x0000000000000000-0x000000003ffeffff]
[    0.137135] NODE_DATA(0) allocated [mem 0x3ffc5000-0x3ffeffff]
[    0.137312] Zone ranges:
[    0.137313]   DMA      [mem 0x0000000000001000-0x0000000000ffffff]
[    0.137314]   DMA32    [mem 0x0000000001000000-0x000000003ffeffff]
[    0.137315]   Normal   empty
[    0.137316]   Device   empty
[    0.137316] Movable zone start for each node
[    0.137319] Early memory node ranges
[    0.137320]   node   0: [mem 0x0000000000001000-0x000000000009efff]
[    0.137321]   node   0: [mem 0x0000000000100000-0x000000003ffeffff]
[    0.137323] Zeroed struct page in unavailable ranges: 114 pages
[    0.137323] Initmem setup node 0 [mem 0x0000000000001000-0x000000003ffeffff]
[    0.140066] ACPI: PM-Timer IO Port: 0x4008
[    0.140122] IOAPIC[0]: apic_id 2, version 32, address 0xfec00000, GSI 0-23
[    0.140126] ACPI: INT_SRC_OVR (bus 0 bus_irq 0 global_irq 2 dfl dfl)
[    0.140127] ACPI: INT_SRC_OVR (bus 0 bus_irq 9 global_irq 9 low level)
[    0.140132] Using ACPI (MADT) for SMP configuration information
[    0.140137] smpboot: Allowing 2 CPUs, 0 hotplug CPUs
[    0.140155] PM: Registered nosave memory: [mem 0x00000000-0x00000fff]
[    0.140156] PM: Registered nosave memory: [mem 0x0009f000-0x0009ffff]
[    0.140156] PM: Registered nosave memory: [mem 0x000a0000-0x000effff]
[    0.140157] PM: Registered nosave memory: [mem 0x000f0000-0x000fffff]
[    0.140158] [mem 0x40000000-0xfebfffff] available for PCI devices
[    0.140159] Booting paravirtualized kernel on KVM
[    0.140162] clocksource: refined-jiffies: mask: 0xffffffff max_cycles: 0xffffffff, max_idle_ns: 7645519600211568 ns
[    0.140165] setup_percpu: NR_CPUS:8192 nr_cpumask_bits:2 nr_cpu_ids:2 nr_node_ids:1
[    0.140269] percpu: Embedded 55 pages/cpu s188416 r8192 d28672 u1048576
[    0.140292] PV qspinlock hash table entries: 256 (order: 0, 4096 bytes, linear)
[    0.140296] Built 1 zonelists, mobility grouping on.  Total pages: 257913
[    0.140297] Policy zone: DMA32
[    0.140298] Kernel command line: BOOT_IMAGE=/boot/vmlinuz-5.4.0-70-generic root=UUID=788513d7-c8ec-48be-856c-a56243d004a7 ro console=tty1 console=ttyS0
[    0.140377] Dentry cache hash table entries: 131072 (order: 8, 1048576 bytes, linear)
[    0.140395] Inode-cache hash table entries: 65536 (order: 7, 524288 bytes, linear)
[    0.140437] mem auto-init: stack:off, heap alloc:on, heap free:off
[    0.142239] Memory: 915180K/1048120K available (14339K kernel code, 2400K rwdata, 5008K rodata, 2732K init, 4972K bss, 132940K reserved, 0K cma-reserved)
[    0.142245] random: get_random_u64 called from kmem_cache_open+0x2d/0x410 with crng_init=0
[    0.142335] SLUB: HWalign=64, Order=0-3, MinObjects=0, CPUs=2, Nodes=1
[    0.142346] Kernel/User page tables isolation: enabled
[    0.142357] ftrace: allocating 44568 entries in 175 pages
[    0.155847] rcu: Hierarchical RCU implementation.
[    0.155849] rcu: 	RCU restricting CPUs from NR_CPUS=8192 to nr_cpu_ids=2.
[    0.155850] 	Tasks RCU enabled.
[    0.155850] rcu: RCU calculated value of scheduler-enlistment delay is 25 jiffies.
[    0.155851] rcu: Adjusting geometry for rcu_fanout_leaf=16, nr_cpu_ids=2
[    0.157916] NR_IRQS: 524544, nr_irqs: 440, preallocated irqs: 16
[    0.158379] random: crng done (trusting CPU's manufacturer)
[    0.166034] Console: colour VGA+ 80x25
[    0.188203] printk: console [tty1] enabled
[    0.320337] printk: console [ttyS0] enabled
[    0.321248] ACPI: Core revision 20190816
[    0.322440] APIC: Switch to symmetric I/O mode setup
[    0.323596] x2apic enabled
[    0.324373] Switched APIC routing to physical x2apic.
[    0.326309] ..TIMER: vector=0x30 apic1=0 pin1=2 apic2=-1 pin2=-1
[    0.327483] clocksource: tsc-early: mask: 0xffffffffffffffff max_cycles: 0x2e02c4a121d, max_idle_ns: 440795236083 ns
[    0.329434] Calibrating delay loop (skipped) preset value.. 6384.00 BogoMIPS (lpj=12768000)
[    0.333434] pid_max: default: 32768 minimum: 301
[    0.334385] LSM: Security Framework initializing
[    0.335306] Yama: becoming mindful.
[    0.336129] AppArmor: AppArmor initialized
[    0.337004] Mount-cache hash table entries: 2048 (order: 2, 16384 bytes, linear)
[    0.337436] Mountpoint-cache hash table entries: 2048 (order: 2, 16384 bytes, linear)
[    0.339054] *** VALIDATE tmpfs ***
[    0.339961] *** VALIDATE proc ***
[    0.341497] *** VALIDATE cgroup1 ***
[    0.342495] *** VALIDATE cgroup2 ***
[    0.343517] Last level iTLB entries: 4KB 128, 2MB 8, 4MB 8
[    0.344566] Last level dTLB entries: 4KB 64, 2MB 0, 4MB 0, 1GB 4
[    0.345439] Spectre V1 : Mitigation: usercopy/swapgs barriers and __user pointer sanitization
[    0.347241] Spectre V2 : Mitigation: Full generic retpoline
[    0.349435] Spectre V2 : Spectre v2 / SpectreRSB mitigation: Filling RSB on context switch
[    0.351120] Speculative Store Bypass: Vulnerable
[    0.352015] SRBDS: Unknown: Dependent on hypervisor status
[    0.353058] MDS: Mitigation: Clear CPU buffers
[    0.353565] Freeing SMP alternatives memory: 40K
[    0.465168] smpboot: CPU0: Intel(R) Core(TM) i5-6500 CPU @ 3.20GHz (family: 0x6, model: 0x5e, stepping: 0x3)
[    0.465431] Performance Events: unsupported p6 CPU model 94 no PMU driver, software events only.
[    0.465482] rcu: Hierarchical SRCU implementation.
[    0.472497] NMI watchdog: Perf NMI watchdog permanently disabled
[    0.473491] smp: Bringing up secondary CPUs ...
[    0.474749] x86: Booting SMP configuration:
[    0.475580] .... node  #0, CPUs:      #1
[    0.171205] kvm-clock: cpu 1, msr 3d801041, secondary cpu clock
[    0.477502] smp: Brought up 1 node, 2 CPUs
[    0.481435] smpboot: Max logical packages: 1
[    0.482315] smpboot: Total of 2 processors activated (12768.00 BogoMIPS)
[    0.483773] devtmpfs: initialized
[    0.483773] x86/mm: Memory block size: 128MB
[    0.485610] clocksource: jiffies: mask: 0xffffffff max_cycles: 0xffffffff, max_idle_ns: 7645041785100000 ns
[    0.487356] futex hash table entries: 512 (order: 3, 32768 bytes, linear)
[    0.489473] pinctrl core: initialized pinctrl subsystem
[    0.490568] PM: RTC time: 14:59:28, date: 2021-05-05
[    0.491645] NET: Registered protocol family 16
[    0.492618] audit: initializing netlink subsys (disabled)
[    0.493453] audit: type=2000 audit(1620226795.384:1): state=initialized audit_enabled=0 res=1
[    0.493529] EISA bus registered
[    0.495843] cpuidle: using governor ladder
[    0.496650] cpuidle: using governor menu
[    0.497475] ACPI: bus type PCI registered
[    0.498270] acpiphp: ACPI Hot Plug PCI Controller Driver version: 0.5
[    0.499597] PCI: Using configuration type 1 for base access
[    0.502092] HugeTLB registered 2.00 MiB page size, pre-allocated 0 pages
[    0.505499] ACPI: Added _OSI(Module Device)
[    0.506351] ACPI: Added _OSI(Processor Device)
[    0.507213] ACPI: Added _OSI(3.0 _SCP Extensions)
[    0.509440] ACPI: Added _OSI(Processor Aggregator Device)
[    0.510470] ACPI: Added _OSI(Linux-Dell-Video)
[    0.511329] ACPI: Added _OSI(Linux-Lenovo-NV-HDMI-Audio)
[    0.512340] ACPI: Added _OSI(Linux-HPI-Hybrid-Graphics)
[    0.515280] ACPI: 2 ACPI AML tables successfully acquired and loaded
[    0.518739] ACPI: Interpreter enabled
[    0.519480] ACPI: (supports S0 S5)
[    0.520264] ACPI: Using IOAPIC for interrupt routing
[    0.521645] PCI: Using host bridge windows from ACPI; if necessary, use "pci=nocrs" and report a bug
[    0.523704] ACPI: Enabled 2 GPEs in block 00 to 07
[    0.530851] ACPI: PCI Root Bridge [PCI0] (domain 0000 [bus 00-ff])
[    0.532351] acpi PNP0A03:00: _OSC: OS supports [ASPM ClockPM Segments MSI HPX-Type3]
[    0.533856] acpi PNP0A03:00: _OSC: not requesting OS control; OS requires [ExtendedConfig ASPM ClockPM MSI]
[    0.535781] acpi PNP0A03:00: fail to add MMCONFIG information, can't access extended PCI configuration space under this bridge.
[    0.537909] PCI host bridge to bus 0000:00
[    0.539595] pci_bus 0000:00: root bus resource [io  0x0000-0x0cf7 window]
[    0.541434] pci_bus 0000:00: root bus resource [io  0x0d00-0xffff window]
[    0.542703] pci_bus 0000:00: root bus resource [mem 0x000a0000-0x000bffff window]
[    0.544283] pci_bus 0000:00: root bus resource [mem 0x40000000-0xfdffffff window]
[    0.545435] pci_bus 0000:00: root bus resource [bus 00-ff]
[    0.546533] pci 0000:00:00.0: [8086:1237] type 00 class 0x060000
[    0.549459] pci 0000:00:01.0: [8086:7000] type 00 class 0x060100
[    0.551561] pci 0000:00:01.1: [8086:7111] type 00 class 0x01018a
[    0.553287] pci 0000:00:01.1: reg 0x20: [io  0xd000-0xd00f]
[    0.553633] pci 0000:00:01.1: legacy IDE quirk: reg 0x10: [io  0x01f0-0x01f7]
[    0.554967] pci 0000:00:01.1: legacy IDE quirk: reg 0x14: [io  0x03f6]
[    0.556187] pci 0000:00:01.1: legacy IDE quirk: reg 0x18: [io  0x0170-0x0177]
[    0.557433] pci 0000:00:01.1: legacy IDE quirk: reg 0x1c: [io  0x0376]
[    0.559299] pci 0000:00:02.0: [80ee:beef] type 00 class 0x030000
[    0.565451] pci 0000:00:02.0: reg 0x10: [mem 0xe0000000-0xefffffff pref]
[    0.586257] pci 0000:00:03.0: [8086:100e] type 00 class 0x020000
[    0.590114] pci 0000:00:03.0: reg 0x10: [mem 0xf0000000-0xf001ffff]
[    0.592418] pci 0000:00:03.0: reg 0x18: [io  0xd010-0xd017]
[    0.596349] pci 0000:00:04.0: [80ee:cafe] type 00 class 0x088000
[    0.598054] pci 0000:00:04.0: reg 0x10: [io  0xd020-0xd03f]
[    0.599655] pci 0000:00:04.0: reg 0x14: [mem 0xf0400000-0xf07fffff]
[    0.601933] pci 0000:00:04.0: reg 0x18: [mem 0xf0800000-0xf0803fff pref]
[    0.606293] pci 0000:00:05.0: [8086:2415] type 00 class 0x040100
[    0.607647] pci 0000:00:05.0: reg 0x10: [io  0xd100-0xd1ff]
[    0.609518] pci 0000:00:05.0: reg 0x14: [io  0xd200-0xd23f]
[    0.611575] pci 0000:00:06.0: [106b:003f] type 00 class 0x0c0310
[    0.613551] pci 0000:00:06.0: reg 0x10: [mem 0xf0804000-0xf0804fff]
[    0.618186] pci 0000:00:07.0: [8086:7113] type 00 class 0x068000
[    0.620303] pci 0000:00:07.0: quirk: [io  0x4000-0x403f] claimed by PIIX4 ACPI
[    0.621453] pci 0000:00:07.0: quirk: [io  0x4100-0x410f] claimed by PIIX4 SMB
[    0.626523] pci 0000:00:14.0: [1000:0030] type 00 class 0x010000
[    0.629552] pci 0000:00:14.0: reg 0x10: [io  0xd300-0xd3ff]
[    0.631412] pci 0000:00:14.0: reg 0x14: [mem 0xf0820000-0xf083ffff]
[    0.633558] pci 0000:00:14.0: reg 0x18: [mem 0xf0840000-0xf085ffff]
[    0.642922] ACPI: PCI Interrupt Link [LNKA] (IRQs 5 9 10 *11)
[    0.649515] ACPI: PCI Interrupt Link [LNKB] (IRQs 5 9 *10 11)
[    0.653608] ACPI: PCI Interrupt Link [LNKC] (IRQs 5 *9 10 11)
[    0.655504] ACPI: PCI Interrupt Link [LNKD] (IRQs 5 9 10 *11)
[    0.657731] iommu: Default domain type: Translated 
[    0.658795] SCSI subsystem initialized
[    0.661476] pci 0000:00:02.0: vgaarb: setting as boot VGA device
[    0.662693] pci 0000:00:02.0: vgaarb: VGA device added: decodes=io+mem,owns=io+mem,locks=none
[    0.664647] pci 0000:00:02.0: vgaarb: bridge control possible
[    0.665445] vgaarb: loaded
[    0.666270] ACPI: bus type USB registered
[    0.667360] usbcore: registered new interface driver usbfs
[    0.669450] usbcore: registered new interface driver hub
[    0.670495] usbcore: registered new device driver usb
[    0.671602] pps_core: LinuxPPS API ver. 1 registered
[    0.673437] pps_core: Software ver. 5.3.6 - Copyright 2005-2007 Rodolfo Giometti <giometti@linux.it>
[    0.675797] PTP clock support registered
[    0.676647] EDAC MC: Ver: 3.0.0
[    0.677737] PCI: Using ACPI for IRQ routing
[    0.678646] NetLabel: Initializing
[    0.679359] NetLabel:  domain hash size = 128
[    0.680210] NetLabel:  protocols = UNLABELED CIPSOv4 CALIPSO
[    0.681451] NetLabel:  unlabeled traffic allowed by default
[    0.682551] clocksource: Switched to clocksource kvm-clock
[    0.697649] *** VALIDATE bpf ***
[    0.698424] VFS: Disk quotas dquot_6.6.0
[    0.699360] VFS: Dquot-cache hash table entries: 512 (order 0, 4096 bytes)
[    0.700661] *** VALIDATE ramfs ***
[    0.701357] *** VALIDATE hugetlbfs ***
[    0.702269] AppArmor: AppArmor Filesystem Enabled
[    0.703336] pnp: PnP ACPI init
[    0.705161] pnp: PnP ACPI: found 3 devices
[    0.710050] thermal_sys: Registered thermal governor 'fair_share'
[    0.710051] thermal_sys: Registered thermal governor 'bang_bang'
[    0.711208] thermal_sys: Registered thermal governor 'step_wise'
[    0.712362] thermal_sys: Registered thermal governor 'user_space'
[    0.713496] thermal_sys: Registered thermal governor 'power_allocator'
[    0.719240] clocksource: acpi_pm: mask: 0xffffff max_cycles: 0xffffff, max_idle_ns: 2085701024 ns
[    0.722671] pci_bus 0000:00: resource 4 [io  0x0000-0x0cf7 window]
[    0.723850] pci_bus 0000:00: resource 5 [io  0x0d00-0xffff window]
[    0.725019] pci_bus 0000:00: resource 6 [mem 0x000a0000-0x000bffff window]
[    0.726338] pci_bus 0000:00: resource 7 [mem 0x40000000-0xfdffffff window]
[    0.727700] NET: Registered protocol family 2
[    0.728797] tcp_listen_portaddr_hash hash table entries: 512 (order: 1, 8192 bytes, linear)
[    0.730579] TCP established hash table entries: 8192 (order: 4, 65536 bytes, linear)
[    0.732123] TCP bind hash table entries: 8192 (order: 5, 131072 bytes, linear)
[    0.733521] TCP: Hash tables configured (established 8192 bind 8192)
[    0.734778] UDP hash table entries: 512 (order: 2, 16384 bytes, linear)
[    0.736027] UDP-Lite hash table entries: 512 (order: 2, 16384 bytes, linear)
[    0.737622] NET: Registered protocol family 1
[    0.738750] NET: Registered protocol family 44
[    0.739638] pci 0000:00:00.0: Limiting direct PCI/PCI transfers
[    0.740798] pci 0000:00:01.0: Activating ISA DMA hang workarounds
[    0.742310] pci 0000:00:02.0: Video device with shadowed ROM at [mem 0x000c0000-0x000dffff]
[    0.745148] PCI: CLS 0 bytes, default 64
[    0.746086] Trying to unpack rootfs image as initramfs...
[    1.071371] Freeing initrd memory: 81448K
[    1.072749] clocksource: tsc: mask: 0xffffffffffffffff max_cycles: 0x2e02c4a121d, max_idle_ns: 440795236083 ns
[    1.074813] clocksource: Switched to clocksource tsc
[    1.075795] platform rtc_cmos: registered platform RTC device (no PNP device found)
[    1.077222] check: Scanning for low memory corruption every 60 seconds
[    1.078811] Initialise system trusted keyrings
[    1.080168] Key type blacklist registered
[    1.081076] workingset: timestamp_bits=36 max_order=18 bucket_order=0
[    1.083640] zbud: loaded
[    1.084514] squashfs: version 4.0 (2009/01/31) Phillip Lougher
[    1.086047] fuse: init (API version 7.31)
[    1.087246] *** VALIDATE fuse ***
[    1.087914] *** VALIDATE fuse ***
[    1.088663] Platform Keyring initialized
[    1.091951] Key type asymmetric registered
[    1.093026] Asymmetric key parser 'x509' registered
[    1.094134] Block layer SCSI generic (bsg) driver version 0.4 loaded (major 244)
[    1.095889] io scheduler mq-deadline registered
[    1.097070] shpchp: Standard Hot Plug PCI Controller Driver version: 0.4
[    1.098725] ACPI: AC Adapter [AC] (on-line)
[    1.099645] input: Power Button as /devices/LNXSYSTM:00/LNXPWRBN:00/input/input0
[    1.101047] ACPI: Power Button [PWRF]
[    1.101975] input: Sleep Button as /devices/LNXSYSTM:00/LNXSLPBN:00/input/input1
[    1.103408] ACPI: Sleep Button [SLPF]
[    1.104512] Serial: 8250/16550 driver, 32 ports, IRQ sharing enabled
[    1.126821] 00:02: ttyS0 at I/O 0x3f8 (irq = 4, base_baud = 115200) is a 16550A
[    1.129773] Linux agpgart interface v0.103
[    1.131901] loop: module loaded
[    1.133292] scsi host0: ata_piix
[    1.134334] scsi host1: ata_piix
[    1.135040] ata1: PATA max UDMA/33 cmd 0x1f0 ctl 0x3f6 bmdma 0xd000 irq 14
[    1.136367] ata2: PATA max UDMA/33 cmd 0x170 ctl 0x376 bmdma 0xd008 irq 15
[    1.138273] libphy: Fixed MDIO Bus: probed
[    1.139053] tun: Universal TUN/TAP device driver, 1.6
[    1.140018] PPP generic driver version 2.4.2
[    1.140891] VFIO - User Level meta-driver version: 0.3
[    1.142082] ehci_hcd: USB 2.0 'Enhanced' Host Controller (EHCI) Driver
[    1.143294] ehci-pci: EHCI PCI platform driver
[    1.144132] ehci-platform: EHCI generic platform driver
[    1.145103] ohci_hcd: USB 1.1 'Open' Host Controller (OHCI) Driver
[    1.146737] ohci-pci: OHCI PCI platform driver
[    1.148362] ohci-pci 0000:00:06.0: OHCI PCI host controller
[    1.149421] ohci-pci 0000:00:06.0: new USB bus registered, assigned bus number 1
[    1.150916] ohci-pci 0000:00:06.0: irq 22, io mem 0xf0804000
[    1.222277] usb usb1: New USB device found, idVendor=1d6b, idProduct=0001, bcdDevice= 5.04
[    1.226046] usb usb1: New USB device strings: Mfr=3, Product=2, SerialNumber=1
[    1.227578] usb usb1: Product: OHCI PCI host controller
[    1.228580] usb usb1: Manufacturer: Linux 5.4.0-70-generic ohci_hcd
[    1.229773] usb usb1: SerialNumber: 0000:00:06.0
[    1.230774] hub 1-0:1.0: USB hub found
[    1.231537] hub 1-0:1.0: 12 ports detected
[    1.232856] ohci-platform: OHCI generic platform driver
[    1.234155] uhci_hcd: USB Universal Host Controller Interface driver
[    1.235402] i8042: PNP: PS/2 Controller [PNP0303:PS2K,PNP0f03:PS2M] at 0x60,0x64 irq 1,12
[    1.237407] serio: i8042 KBD port at 0x60,0x64 irq 1
[    1.238395] serio: i8042 AUX port at 0x60,0x64 irq 12
[    1.239449] mousedev: PS/2 mouse device common for all mice
[    1.241020] input: AT Translated Set 2 keyboard as /devices/platform/i8042/serio0/input/input2
[    1.243127] rtc_cmos rtc_cmos: registered as rtc0
[    1.244069] rtc_cmos rtc_cmos: alarms up to one day, 114 bytes nvram
[    1.245268] i2c /dev entries driver
[    1.246041] device-mapper: uevent: version 1.0.3
[    1.247016] device-mapper: ioctl: 4.41.0-ioctl (2019-09-16) initialised: dm-devel@redhat.com
[    1.248627] platform eisa.0: Probing EISA bus 0
[    1.249505] platform eisa.0: EISA: Cannot allocate resource for mainboard
[    1.250895] platform eisa.0: Cannot allocate resource for EISA slot 1
[    1.252108] platform eisa.0: Cannot allocate resource for EISA slot 2
[    1.253337] platform eisa.0: Cannot allocate resource for EISA slot 3
[    1.255181] platform eisa.0: Cannot allocate resource for EISA slot 4
[    1.256625] platform eisa.0: Cannot allocate resource for EISA slot 5
[    1.257937] platform eisa.0: Cannot allocate resource for EISA slot 6
[    1.259820] platform eisa.0: Cannot allocate resource for EISA slot 7
[    1.261037] platform eisa.0: Cannot allocate resource for EISA slot 8
[    1.262322] platform eisa.0: EISA: Detected 0 cards
[    1.263268] intel_pstate: CPU model not supported
[    1.264235] ledtrig-cpu: registered to indicate activity on CPUs
[    1.265491] intel_pmc_core intel_pmc_core.0:  initialized
[    1.266586] drop_monitor: Initializing network drop monitor service
[    1.267955] NET: Registered protocol family 10
[    1.275452] Segment Routing with IPv6
[    1.276537] NET: Registered protocol family 17
[    1.277509] Key type dns_resolver registered
[    1.278577] RAS: Correctable Errors collector initialized.
[    1.279642] IPI shorthand broadcast: enabled
[    1.280477] sched_clock: Marking stable (1111334898, 167205819)->(1281273317, -2732600)
[    1.282360] registered taskstats version 1
[    1.283359] Loading compiled-in X.509 certificates
[    1.285069] Loaded X.509 cert 'Build time autogenerated kernel key: 02ba5cdf8e471e5f2698738be0ff1ad7fe71e77d'
[    1.287468] Loaded X.509 cert 'Canonical Ltd. Live Patch Signing: 14df34d1a87cf37625abec039ef2bf521249b969'
[    1.289838] Loaded X.509 cert 'Canonical Ltd. Kernel Module Signing: 88f752e560a1e0737e31163a466ad7b70a850c19'
[    1.292321] zswap: loaded using pool lzo/zbud
[    1.293357] Key type ._fscrypt registered
[    1.294216] Key type .fscrypt registered
[    1.300555] Key type big_key registered
[    1.324668] Key type encrypted registered
[    1.325908] AppArmor: AppArmor sha1 policy hashing enabled
[    1.327125] ima: No TPM chip found, activating TPM-bypass!
[    1.328178] ima: Allocated hash algorithm: sha1
[    1.329060] ima: No architecture policies found
[    1.329995] evm: Initialising EVM extended attributes:
[    1.330980] evm: security.selinux
[    1.331699] evm: security.SMACK64
[    1.332506] evm: security.SMACK64EXEC
[    1.333229] evm: security.SMACK64TRANSMUTE
[    1.334094] evm: security.SMACK64MMAP
[    1.334822] evm: security.apparmor
[    1.335501] evm: security.ima
[    1.336103] evm: security.capability
[    1.336810] evm: HMAC attrs: 0x1
[    1.338044] PM:   Magic number: 5:296:990
[    1.339019] rtc_cmos rtc_cmos: setting system clock to 2021-05-05T14:59:28 UTC (1620226768)
[    1.342097] Freeing unused decrypted memory: 2040K
[    1.343383] Freeing unused kernel image memory: 2732K
[    1.354161] Write protecting the kernel read-only data: 22528k
[    1.356427] Freeing unused kernel image memory: 2008K
[    1.357994] Freeing unused kernel image memory: 1136K
[    1.366329] x86/mm: Checked W+X mappings: passed, no W+X pages found.
[    1.367989] x86/mm: Checking user space page tables
[    1.376727] x86/mm: Checked W+X mappings: passed, no W+X pages found.
[    1.378592] Run /init as init process
Loading, please wait...
Starting version 245.4-4ubuntu3.5
[    1.459264] ACPI: Video Device [GFX0] (multi-head: yes  rom: no  post: no)
[    1.461387] input: Video Bus as /devices/LNXSYSTM:00/LNXSYBUS:00/PNP0A03:00/LNXVIDEO:00/input/input4
[    1.467768] e1000: Intel(R) PRO/1000 Network Driver - version 7.3.21-k8-NAPI
[    1.469389] e1000: Copyright (c) 1999-2006 Intel Corporation.
[    1.478815] piix4_smbus 0000:00:07.0: SMBus Host Controller at 0x4100, revision 0
[    1.483450] Fusion MPT base driver 3.04.20
[    1.485000] Copyright (c) 1999-2008 LSI Corporation
[    1.517328] Fusion MPT SPI Host driver 3.04.20
[    1.517955] [drm] VRAM 10000000
[    1.520405] cryptd: max_cpu_qlen set to 1000
[    1.522590] [TTM] Zone  kernel: Available graphics memory: 502292 KiB
[    1.524019] [TTM] Initializing pool allocator
[    1.524906] [TTM] Initializing DMA pool allocator
[    1.528755] fbcon: vboxvideodrmfb (fb0) is primary device
[    1.537597] Console: switching to colour frame buffer device 128x48
[    1.550608] vboxvideo 0000:00:02.0: fb0: vboxvideodrmfb frame buffer device
[    1.552134] AVX2 version of gcm_enc/dec engaged.
[    1.553161] AES CTR mode by8 optimization enabled
[    1.558367] [drm] Initialized vboxvideo 1.0.0 20130823 for 0000:00:02.0 on minor 0
[    1.566506] mptbase: ioc0: Initiating bringup
[    1.661691] ioc0: LSI53C1030 A0: Capabilities={Initiator}
[    1.722462] input: ImExPS/2 Generic Explorer Mouse as /devices/platform/i8042/serio1/input/input5
[    1.904770] scsi host2: ioc0: LSI53C1030 A0, FwRev=00000000h, Ports=1, MaxQ=256, IRQ=20
[    1.934179] e1000 0000:00:03.0 eth0: (PCI:33MHz:32-bit) 02:45:97:fd:e2:17
[    1.935556] e1000 0000:00:03.0 eth0: Intel(R) PRO/1000 Network Connection
[    1.937473] e1000 0000:00:03.0 enp0s3: renamed from eth0
[    2.077871] scsi 2:0:0:0: Direct-Access     VBOX     HARDDISK         1.0  PQ: 0 ANSI: 5
[    2.094114] scsi target2:0:0: Beginning Domain Validation
[    2.096528] scsi target2:0:0: Domain Validation skipping write tests
[    2.097620] scsi target2:0:0: Ending Domain Validation
[    2.098462] scsi target2:0:0: asynchronous
[    2.099356] scsi 2:0:1:0: Direct-Access     VBOX     HARDDISK         1.0  PQ: 0 ANSI: 5
[    2.109854] scsi target2:0:1: Beginning Domain Validation
[    2.112637] scsi target2:0:1: Domain Validation skipping write tests
[    2.113661] scsi target2:0:1: Ending Domain Validation
[    2.114498] scsi target2:0:1: asynchronous
[    2.118156] sd 2:0:0:0: Attached scsi generic sg0 type 0
[    2.119479] sd 2:0:0:0: [sda] 83886080 512-byte logical blocks: (42.9 GB/40.0 GiB)
[    2.119613] sd 2:0:1:0: [sdb] 20480 512-byte logical blocks: (10.5 MB/10.0 MiB)
[    2.121089] sd 2:0:1:0: Attached scsi generic sg1 type 0
[    2.122786] sd 2:0:1:0: [sdb] Write Protect is off
[    2.123842] sd 2:0:0:0: [sda] Write Protect is off
[    2.126995] sd 2:0:0:0: [sda] Incomplete mode parameter data
[    2.127026] sd 2:0:1:0: [sdb] Incomplete mode parameter data
[    2.128191] sd 2:0:0:0: [sda] Assuming drive cache: write through
[    2.129379] sd 2:0:1:0: [sdb] Assuming drive cache: write through
[    2.183942]  sda: sda1
[    2.186154] sd 2:0:0:0: [sda] Attached SCSI disk
[    2.216114] sd 2:0:1:0: [sdb] Attached SCSI disk
Begin: Loading essential drivers ... [    2.493745] raid6: avx2x4   gen() 32616 MB/s
[    2.541452] raid6: avx2x4   xor() 20434 MB/s
[    2.591394] raid6: avx2x2   gen() 29898 MB/s
[    2.637764] raid6: avx2x2   xor() 18756 MB/s
[    2.685455] raid6: avx2x1   gen() 21017 MB/s
[    2.733605] raid6: avx2x1   xor() 16612 MB/s
[    2.782101] raid6: sse2x4   gen() 13929 MB/s
[    2.829541] raid6: sse2x4   xor()  8357 MB/s
[    2.877604] raid6: sse2x2   gen() 11398 MB/s
[    2.925673] raid6: sse2x2   xor()  7826 MB/s
[    2.977265] raid6: sse2x1   gen() 11134 MB/s
[    3.026054] raid6: sse2x1   xor()  5923 MB/s
[    3.027367] raid6: using algorithm avx2x4 gen() 32616 MB/s
[    3.028728] raid6: .... xor() 20434 MB/s, rmw enabled
[    3.029891] raid6: using avx2x2 recovery algorithm
[    3.032106] xor: automatically using best checksumming function   avx       
[    3.034453] async_tx: api initialized (async)
done.
Begin: Running /scripts/init-premount ... done.
Begin: Mounting root file system ... Begin: Running /scripts/local-top ... done.
Begin: Running /scripts/local-premount ... [    3.079190] Btrfs loaded, crc32c=crc32c-intel
Scanning for Btrfs filesystems
done.
Begin: Will now check root file system ... fsck from util-linux 2.34
[/usr/sbin/fsck.ext4 (1) -- /dev/sda1] fsck.ext4 -a -C0 /dev/sda1 
cloudimg-rootfs: clean, 84060/5120000 files, 1168192/10485499 blocks
done.
[    3.328621] EXT4-fs (sda1): mounted filesystem with ordered data mode. Opts: (null)
done.
Begin: Running /scripts/local-bottom ... done.
Begin: Running /scripts/init-bottom ... done.
[   14.156367] systemd[1]: Inserted module 'autofs4'
[   14.761712] systemd[1]: systemd 245.4-4ubuntu3.5 running in system mode. (+PAM +AUDIT +SELINUX +IMA +APPARMOR +SMACK +SYSVINIT +UTMP +LIBCRYPTSETUP +GCRYPT +GNUTLS +ACL +XZ +LZ4 +SECCOMP +BLKID +ELFUTILS +KMOD +IDN2 -IDN +PCRE2 default-hierarchy=hybrid)
[   14.766763] systemd[1]: Detected virtualization oracle.
[   14.767996] systemd[1]: Detected architecture x86-64.

Welcome to [1mUbuntu 20.04.2 LTS[0m!

[   14.956312] systemd[1]: Set hostname to <ubuntu-bionic>.
[   22.094405] systemd[1]: /lib/systemd/system/dbus.socket:5: ListenStream= references a path below legacy directory /var/run/, updating /var/run/dbus/system_bus_socket → /run/dbus/system_bus_socket; please update the unit file accordingly.
[   23.950507] systemd[1]: Created slice system-modprobe.slice.
[[0;32m  OK  [0m] Created slice [0;1;39msystem-modprobe.slice[0m.
[   23.953187] systemd[1]: Created slice system-serial\x2dgetty.slice.
[[0;32m  OK  [0m] Created slice [0;1;39msystem-serial\x2dgetty.slice[0m.
[   23.966569] systemd[1]: Created slice User and Session Slice.
[[0;32m  OK  [0m] Created slice [0;1;39mUser and Session Slice[0m.
[   23.968985] systemd[1]: Started Forward Password Requests to Wall Directory Watch.
[[0;32m  OK  [0m] Started [0;1;39mForward Password R…uests to Wall Directory Watch[0m.
[   23.982023] systemd[1]: Set up automount Arbitrary Executable File Formats File System Automount Point.
[[0;32m  OK  [0m] Set up automount [0;1;39mArbitrary…s File System Automount Point[0m.
[   23.985503] systemd[1]: Reached target User and Group Name Lookups.
[[0;32m  OK  [0m] Reached target [0;1;39mUser and Group Name Lookups[0m.
[   23.988129] systemd[1]: Reached target Slices.
[[0;32m  OK  [0m] Reached target [0;1;39mSlices[0m.
[   23.990229] systemd[1]: Reached target Swap.
[[0;32m  OK  [0m] Reached target [0;1;39mSwap[0m.
[   23.992032] systemd[1]: Reached target System Time Set.
[[0;32m  OK  [0m] Reached target [0;1;39mSystem Time Set[0m.
[   23.994036] systemd[1]: Reached target System Time Synchronized.
[[0;32m  OK  [0m] Reached target [0;1;39mSystem Time Synchronized[0m.
[   23.996367] systemd[1]: Listening on Device-mapper event daemon FIFOs.
[[0;32m  OK  [0m] Listening on [0;1;39mDevice-mapper event daemon FIFOs[0m.
[   23.999024] systemd[1]: Listening on LVM2 poll daemon socket.
[[0;32m  OK  [0m] Listening on [0;1;39mLVM2 poll daemon socket[0m.
[   24.001148] systemd[1]: Listening on multipathd control socket.
[[0;32m  OK  [0m] Listening on [0;1;39mmultipathd control socket[0m.
[   24.003645] systemd[1]: Listening on Syslog Socket.
[[0;32m  OK  [0m] Listening on [0;1;39mSyslog Socket[0m.
[   24.018094] systemd[1]: Listening on fsck to fsckd communication Socket.
[[0;32m  OK  [0m] Listening on [0;1;39mfsck to fsckd communication Socket[0m.
[   24.020831] systemd[1]: Listening on initctl Compatibility Named Pipe.
[[0;32m  OK  [0m] Listening on [0;1;39minitctl Compatibility Named Pipe[0m.
[   24.024215] systemd[1]: Listening on Journal Audit Socket.
[[0;32m  OK  [0m] Listening on [0;1;39mJournal Audit Socket[0m.
[   24.026524] systemd[1]: Listening on Journal Socket (/dev/log).
[[0;32m  OK  [0m] Listening on [0;1;39mJournal Socket (/dev/log)[0m.
[   24.029013] systemd[1]: Listening on Journal Socket.
[[0;32m  OK  [0m] Listening on [0;1;39mJournal Socket[0m.
[   24.031343] systemd[1]: Listening on Network Service Netlink Socket.
[[0;32m  OK  [0m] Listening on [0;1;39mNetwork Service Netlink Socket[0m.
[   24.046195] systemd[1]: Listening on udev Control Socket.
[[0;32m  OK  [0m] Listening on [0;1;39mudev Control Socket[0m.
[   24.048466] systemd[1]: Listening on udev Kernel Socket.
[[0;32m  OK  [0m] Listening on [0;1;39mudev Kernel Socket[0m.
[   24.051794] systemd[1]: Mounting Huge Pages File System...
         Mounting [0;1;39mHuge Pages File System[0m...
[   24.055199] systemd[1]: Mounting POSIX Message Queue File System...
         Mounting [0;1;39mPOSIX Message Queue File System[0m...
[   24.058324] systemd[1]: Mounting Kernel Debug File System...
         Mounting [0;1;39mKernel Debug File System[0m...
[   24.070893] systemd[1]: Mounting Kernel Trace File System...
         Mounting [0;1;39mKernel Trace File System[0m...
[   24.075305] systemd[1]: Starting Journal Service...
         Starting [0;1;39mJournal Service[0m...
[   24.082152] systemd[1]: Starting Set the console keyboard layout...
         Starting [0;1;39mSet the console keyboard layout[0m...
[   24.085915] systemd[1]: Starting Create list of static device nodes for the current kernel...
         Starting [0;1;39mCreate list of st…odes for the current kernel[0m...
[   24.089693] systemd[1]: Starting Monitoring of LVM2 mirrors, snapshots etc. using dmeventd or progress polling...
         Starting [0;1;39mMonitoring of LVM…meventd or progress polling[0m...
[   24.095823] systemd[1]: Condition check resulted in Load Kernel Module drm being skipped.
[   24.097654] systemd[1]: Condition check resulted in OpenVSwitch configuration for cleanup being skipped.
[   24.206472] systemd[1]: Condition check resulted in Set Up Additional Binary Formats being skipped.
[   24.208637] systemd[1]: Condition check resulted in File System Check on Root Device being skipped.
[   24.292960] systemd[1]: Starting Load Kernel Modules...
         Starting [0;1;39mLoad Kernel Modules[0m...
[   24.296483] systemd[1]: Starting Remount Root and Kernel File Systems...
         Starting [0;1;39mRemount Root and Kernel File Systems[0m...
[   24.310758] systemd[1]: Starting udev Coldplug all Devices...
         Starting [0;1;39mudev Coldplug all Devices[0m...
[   24.322847] systemd[1]: Starting Uncomplicated firewall...
         Starting [0;1;39mUncomplicated firewall[0m...
[   24.326537] systemd[1]: Mounted Huge Pages File System.
[[0;32m  OK  [0m] Mounted [0;1;39mHuge Pages File System[0m.
[   24.329285] systemd[1]: Mounted POSIX Message Queue File System.
[[0;32m  OK  [0m] Mounted [0;1;39mPOSIX Message Queue File System[0m.
[   24.331975] systemd[1]: Mounted Kernel Debug File System.
[[0;32m  OK  [0m] Mounted [0;1;39mKernel Debug File System[0m.
[   24.334470] systemd[1]: Mounted Kernel Trace File System.
[[0;32m  OK  [0m] Mounted [0;1;39mKernel Trace File System[0m.
[   24.337362] systemd[1]: Finished Create list of static device nodes for the current kernel.
[[0;32m  OK  [0m] Finished [0;1;39mCreate list of st… nodes for the current kernel[0m.
[   24.342033] systemd[1]: Finished Monitoring of LVM2 mirrors, snapshots etc. using dmeventd or progress polling.
[[0;32m  OK  [0m] Finished [0;1;39mMonitoring of LVM… dmeventd or progress polling[0m.
[   24.360543] systemd[1]: Started Journal Service.
[[0;32m  OK  [0m] Started [0;1;39mJournal Service[0m.
[   24.365725] EXT4-fs (sda1): re-mounted. Opts: (null)
[[0;32m  OK  [0m] Finished [0;1;39mRemount Root and Kernel File Systems[0m.
         Starting [0;1;39mFlush Journal to Persistent Storage[0m...
         Starting [0;1;39mLoad/Save Random Seed[0m...
         Starting [0;1;39mCreate System Users[0m...
[[0;32m  OK  [0m] Finished [0;1;39mLoad Kernel Modules[0m.
         Mounting [0;1;39mFUSE Control File System[0m...
         Mounting [0;1;39mKernel Configuration File System[0m...
         Starting [0;1;39mApply Kernel Variables[0m...
[[0;32m  OK  [0m] Finished [0;1;39mudev Coldplug all Devices[0m.
[[0;32m  OK  [0m] Finished [0;1;39mUncomplicated firewall[0m.
[[0;32m  OK  [0m] Mounted [0;1;39mFUSE Control File System[0m.
[[0;32m  OK  [0m] Mounted [0;1;39mKernel Configuration File System[0m.
         Starting [0;1;39mudev Wait for Complete Device Initialization[0m...
[   24.720942] systemd-journald[351]: Received client request to flush runtime journal.
[[0;32m  OK  [0m] Finished [0;1;39mLoad/Save Random Seed[0m.
[[0;32m  OK  [0m] Finished [0;1;39mSet the console keyboard layout[0m.
[   24.945228] systemd-journald[351]: File /var/log/journal/8090a19d096b41c6aec016aa3b9267f6/system.journal corrupted or uncleanly shut down, renaming and replacing.
[[0;32m  OK  [0m] Finished [0;1;39mApply Kernel Variables[0m.
[[0;32m  OK  [0m] Finished [0;1;39mCreate System Users[0m.
         Starting [0;1;39mCreate Static Device Nodes in /dev[0m...
[[0;32m  OK  [0m] Finished [0;1;39mFlush Journal to Persistent Storage[0m.
[[0;32m  OK  [0m] Finished [0;1;39mCreate Static Device Nodes in /dev[0m.
         Starting [0;1;39mudev Kernel Device Manager[0m...
[[0;32m  OK  [0m] Started [0;1;39mudev Kernel Device Manager[0m.
[[0;32m  OK  [0m] Started [0;1;39mDispatch Password …ts to Console Directory Watch[0m.
[[0;32m  OK  [0m] Reached target [0;1;39mLocal Encrypted Volumes[0m.
[[0;32m  OK  [0m] Found device [0;1;39m/dev/ttyS0[0m.
[[0;32m  OK  [0m] Listening on [0;1;39mLoad/Save RF …itch Status /dev/rfkill Watch[0m.
[   30.649968] snd_intel8x0 0000:00:05.0: measure - unreliable DMA position..
[   31.049247] snd_intel8x0 0000:00:05.0: measure - unreliable DMA position..
[[0m[0;31m*     [0m] A start job is running for udev Wai… Device Initialization (7s / 3min)
[   31.425934] snd_intel8x0 0000:00:05.0: measure - unreliable DMA position..
M[K[[0;32m  OK  [0m] Reached target [0;1;39mSound Card[0m.
[K[[0;32m  OK  [0m] Finished [0;1;39mudev Wait for Complete Device Initialization[0m.
         Starting [0;1;39mDevice-Mapper Multipath Device Controller[0m...
[[0;32m  OK  [0m] Started [0;1;39mDevice-Mapper Multipath Device Controller[0m.
[[0;32m  OK  [0m] Reached target [0;1;39mLocal File Systems (Pre)[0m.
         Mounting [0;1;39mMount unit for core18, revision 1997[0m...
         Mounting [0;1;39mMount unit for lxd, revision 19647[0m...
         Mounting [0;1;39mMount unit for snapd, revision 11402[0m...
[[0;32m  OK  [0m] Mounted [0;1;39mMount unit for core18, revision 1997[0m.
[[0;32m  OK  [0m] Mounted [0;1;39mMount unit for lxd, revision 19647[0m.
[[0;32m  OK  [0m] Mounted [0;1;39mMount unit for snapd, revision 11402[0m.
[[0;32m  OK  [0m] Reached target [0;1;39mLocal File Systems[0m.
         Starting [0;1;39mLoad AppArmor profiles[0m...
         Starting [0;1;39mSet console font and keymap[0m...
         Starting [0;1;39mCreate final runt…dir for shutdown pivot root[0m...
         Starting [0;1;39mTell Plymouth To Write Out Runtime Data[0m...
         Starting [0;1;39mCreate Volatile Files and Directories[0m...
[[0;32m  OK  [0m] Finished [0;1;39mCreate final runt…e dir for shutdown pivot root[0m.
[[0;32m  OK  [0m] Finished [0;1;39mSet console font and keymap[0m.
[[0;32m  OK  [0m] Finished [0;1;39mTell Plymouth To Write Out Runtime Data[0m.
[[0;32m  OK  [0m] Finished [0;1;39mCreate Volatile Files and Directories[0m.
         Starting [0;1;39mUpdate UTMP about System Boot/Shutdown[0m...
[[0;32m  OK  [0m] Finished [0;1;39mUpdate UTMP about System Boot/Shutdown[0m.
[[0;32m  OK  [0m] Finished [0;1;39mLoad AppArmor profiles[0m.
         Starting [0;1;39mLoad AppArmor pro…managed internally by snapd[0m...
         Starting [0;1;39mInitial cloud-init job (pre-networking)[0m...
[[0;32m  OK  [0m] Finished [0;1;39mLoad AppArmor pro…s managed internally by snapd[0m.
[   54.844909] cloud-init[612]: Cloud-init v. 20.4.1-0ubuntu1~20.04.1 running 'init-local' at Wed, 05 May 2021 15:00:21 +0000. Up 53.83 seconds.
[[0;32m  OK  [0m] Finished [0;1;39mInitial cloud-init job (pre-networking)[0m.
[[0;32m  OK  [0m] Reached target [0;1;39mNetwork (Pre)[0m.
         Starting [0;1;39mNetwork Service[0m...
[[0;31m*[0;1;31m*[0m[0;31m*   [0m] A start job is running for Network Service (33s / 2min 1s)
M[K[[0;32m  OK  [0m] Started [0;1;39mNetwork Service[0m.
[K         Starting [0;1;39mWait for Network to be Configured[0m...
         Starting [0;1;39mNetwork Name Resolution[0m...
[[0;32m  OK  [0m] Started [0;1;39mNetwork Name Resolution[0m.
[[0;32m  OK  [0m] Reached target [0;1;39mNetwork[0m.
[[0;32m  OK  [0m] Reached target [0;1;39mHost and Network Name Lookups[0m.
[[0;32m  OK  [0m] Finished [0;1;39mWait for Network to be Configured[0m.
         Starting [0;1;39mInitial cloud-ini… (metadata service crawler)[0m...
[   58.956813] cloud-init[636]: Cloud-init v. 20.4.1-0ubuntu1~20.04.1 running 'init' at Wed, 05 May 2021 15:00:26 +0000. Up 58.70 seconds.
[   58.967027] cloud-init[636]: ci-info: ++++++++++++++++++++++++++++++++++++++Net device info++++++++++++++++++++++++++++++++++++++
[   58.968689] cloud-init[636]: ci-info: +--------+------+----------------------------+---------------+--------+-------------------+
[   58.970262] cloud-init[636]: ci-info: | Device |  Up  |          Address           |      Mask     | Scope  |     Hw-Address    |
[   58.971834] cloud-init[636]: ci-info: +--------+------+----------------------------+---------------+--------+-------------------+
[   58.973311] cloud-init[636]: ci-info: | enp0s3 | True |         10.0.2.15          | 255.255.255.0 | global | 02:45:97:fd:e2:17 |
[   58.974666] cloud-init[636]: ci-info: | enp0s3 | True | fe80::45:97ff:fefd:e217/64 |       .       |  link  | 02:45:97:fd:e2:17 |
[   58.986525] cloud-init[636]: ci-info: |   lo   | True |         127.0.0.1          |   255.0.0.0   |  host  |         .         |
[   58.998370] cloud-init[636]: ci-info: |   lo   | True |          ::1/128           |       .       |  host  |         .         |
[   59.010426] cloud-init[636]: ci-info: +--------+------+----------------------------+---------------+--------+-------------------+
[   59.011950] cloud-init[636]: ci-info: ++++++++++++++++++++++++++++Route IPv4 info+++++++++++++++++++++++++++++
[   59.022479] cloud-init[636]: ci-info: +-------+-------------+----------+-----------------+-----------+-------+
[   59.023772] cloud-init[636]: ci-info: | Route | Destination | Gateway  |     Genmask     | Interface | Flags |
[   59.025132] cloud-init[636]: ci-info: +-------+-------------+----------+-----------------+-----------+-------+
[   59.026296] cloud-init[636]: ci-info: |   0   |   0.0.0.0   | 10.0.2.2 |     0.0.0.0     |   enp0s3  |   UG  |
[   59.027316] cloud-init[636]: ci-info: |   1   |   10.0.2.0  | 0.0.0.0  |  255.255.255.0  |   enp0s3  |   U   |
[   59.038684] cloud-init[636]: ci-info: |   2   |   10.0.2.2  | 0.0.0.0  | 255.255.255.255 |   enp0s3  |   UH  |
[   59.050703] cloud-init[636]: ci-info: +-------+-------------+----------+-----------------+-----------+-------+
[   59.051844] cloud-init[636]: ci-info: +++++++++++++++++++Route IPv6 info+++++++++++++++++++
[   59.052809] cloud-init[636]: ci-info: +-------+-------------+---------+-----------+-------+
[   59.053713] cloud-init[636]: ci-info: | Route | Destination | Gateway | Interface | Flags |
[   59.054790] cloud-init[636]: ci-info: +-------+-------------+---------+-----------+-------+
[   59.055727] cloud-init[636]: ci-info: |   1   |  fe80::/64  |    ::   |   enp0s3  |   U   |
[   59.056610] cloud-init[636]: ci-info: |   3   |    local    |    ::   |   enp0s3  |   U   |
[   59.057952] cloud-init[636]: ci-info: |   4   |  multicast  |    ::   |   enp0s3  |   U   |
[   59.059279] cloud-init[636]: ci-info: +-------+-------------+---------+-----------+-------+
[[0;32m  OK  [0m] Finished [0;1;39mInitial cloud-ini…ob (metadata service crawler)[0m.
[[0;32m  OK  [0m] Reached target [0;1;39mCloud-config availability[0m.
[[0;32m  OK  [0m] Reached target [0;1;39mNetwork is Online[0m.
[[0;32m  OK  [0m] Reached target [0;1;39mSystem Initialization[0m.
[[0;32m  OK  [0m] Started [0;1;39mDaily apt download activities[0m.
[[0;32m  OK  [0m] Started [0;1;39mDaily apt upgrade and clean activities[0m.
[[0;32m  OK  [0m] Started [0;1;39mPeriodic ext4 Onli…ata Check for All Filesystems[0m.
[[0;32m  OK  [0m] Started [0;1;39mDiscard unused blocks once a week[0m.
[[0;32m  OK  [0m] Started [0;1;39mRefresh fwupd metadata regularly[0m.
[[0;32m  OK  [0m] Started [0;1;39mDaily rotation of log files[0m.
[[0;32m  OK  [0m] Started [0;1;39mDaily man-db regeneration[0m.
[[0;32m  OK  [0m] Started [0;1;39mMessage of the Day[0m.
[[0;32m  OK  [0m] Started [0;1;39mClean PHP session files every 30 mins[0m.
[[0;32m  OK  [0m] Started [0;1;39mDaily Cleanup of Temporary Directories[0m.
[[0;32m  OK  [0m] Reached target [0;1;39mPaths[0m.
[[0;32m  OK  [0m] Reached target [0;1;39mTimers[0m.
[[0;32m  OK  [0m] Listening on [0;1;39mD-Bus System Message Bus Socket[0m.
[[0;32m  OK  [0m] Listening on [0;1;39mOpen-iSCSI iscsid Socket[0m.
[[0;32m  OK  [0m] Listening on [0;1;39mSocket unix for snap application lxd.daemon[0m.
         Starting [0;1;39mSocket activation for snappy daemon[0m.
[[0;32m  OK  [0m] Listening on [0;1;39mUUID daemon activation socket[0m.
[[0;32m  OK  [0m] Reached target [0;1;39mRemote File Systems (Pre)[0m.
         Mounting [0;1;39m/vagrant[0m...
         Mounting [0;1;39m/var/www/html/class_projects[0m...
         Mounting [0;1;39m/var/www/html/php-example[0m...
         Mounting [0;1;39m/var/www/html/php-info[0m...
         Starting [0;1;39mAvailability of block devices[0m...
[[0;32m  OK  [0m] Listening on [0;1;39mSocket activation for snappy daemon[0m.
[[0;32m  OK  [0m] Finished [0;1;39mAvailability of block devices[0m.
[[0;32m  OK  [0m] Reached target [0;1;39mSockets[0m.
[[0;32m  OK  [0m] Reached target [0;1;39mBasic System[0m.
         Starting [0;1;39mAccounts Service[0m...
[[0;32m  OK  [0m] Started [0;1;39mD-Bus System Message Bus[0m.
[[0;32m  OK  [0m] Started [0;1;39mSave initial kernel messages after boot[0m.
         Starting [0;1;39mRemove Stale Onli…t4 Metadata Check Snapshots[0m...
         Starting [0;1;39mDiscard unused bl…filesystems from /etc/fstab[0m...
         Starting [0;1;39mLSB: Record successful boot for GRUB[0m...
[[0;32m  OK  [0m] Started [0;1;39mirqbalance daemon[0m.
         Starting [0;1;39mMySQL Community Server[0m...
         Starting [0;1;39mDispatcher daemon for systemd-networkd[0m...
         Starting [0;1;39mThe PHP 5.6 FastCGI Process Manager[0m...
         Starting [0;1;39mClean php session files[0m...
         Starting [0;1;39mSystem Logging Service[0m...
         Starting [0;1;39mService for snap application lxd.activate[0m...
         Starting [0;1;39mSnap Daemon[0m...
         Starting [0;1;39mOpenBSD Secure Shell server[0m...
         Starting [0;1;39mLogin Service[0m...
         Starting [0;1;39mThermal Daemon Service[0m...
         Starting [0;1;39mVirtualbox guest utils[0m...
         Starting [0;1;39mRotate log files[0m...
         Starting [0;1;39mDaily man-db regeneration[0m...
[[0;32m  OK  [0m] Mounted [0;1;39m/vagrant[0m.
[[0;32m  OK  [0m] Mounted [0;1;39m/var/www/html/class_projects[0m.
[[0;32m  OK  [0m] Mounted [0;1;39m/var/www/html/php-example[0m.
[[0;32m  OK  [0m] Mounted [0;1;39m/var/www/html/php-info[0m.
[[0;32m  OK  [0m] Finished [0;1;39mDiscard unused bl…n filesystems from /etc/fstab[0m.
[[0;32m  OK  [0m] Reached target [0;1;39mRemote File Systems[0m.
         Starting [0;1;39mThe Apache HTTP Server[0m...
         Starting [0;1;39mLSB: automatic crash report generation[0m...
         Starting [0;1;39mDeferred execution scheduler[0m...
[[0;32m  OK  [0m] Started [0;1;39mRegular background program processing daemon[0m.
         Starting [0;1;39mPermit User Sessions[0m...
[[0;32m  OK  [0m] Started [0;1;39mDeferred execution scheduler[0m.
[[0;32m  OK  [0m] Finished [0;1;39mPermit User Sessions[0m.
         Starting [0;1;39mHold until boot process finishes up[0m...
         Starting [0;1;39mTerminate Plymouth Boot Screen[0m...
[[0;32m  OK  [0m] Finished [0;1;39mHold until boot process finishes up[0m.
[[0;32m  OK  [0m] Started [0;1;39mSerial Getty on ttyS0[0m.
         Starting [0;1;39mSet console scheme[0m...
[[0;32m  OK  [0m] Finished [0;1;39mTerminate Plymouth Boot Screen[0m.
[[0;32m  OK  [0m] Finished [0;1;39mSet console scheme[0m.
[[0;32m  OK  [0m] Created slice [0;1;39msystem-getty.slice[0m.
[[0;32m  OK  [0m] Started [0;1;39mGetty on tty1[0m.
[[0;32m  OK  [0m] Reached target [0;1;39mLogin Prompts[0m.
[[0;32m  OK  [0m] Finished [0;1;39mRemove Stale Onli…ext4 Metadata Check Snapshots[0m.
         Starting [0;1;39mOnline ext4 Metad…a Check for All Filesystems[0m...
[[0;32m  OK  [0m] Finished [0;1;39mOnline ext4 Metadata Check for All Filesystems[0m.
[[0;32m  OK  [0m] Started [0;1;39mLSB: automatic crash report generation[0m.

Ubuntu 20.04.2 LTS ubuntu-bionic ttyS0

ubuntu-bionic login: [  115.400350] cloud-init[1387]: Cloud-init v. 20.4.1-0ubuntu1~20.04.1 running 'modules:config' at Wed, 05 May 2021 15:01:21 +0000. Up 114.61 seconds.
         Mounting [0;1;39mMount unit for snapd, revision 11588[0m...
[[0;32m  OK  [0m] Mounted [0;1;39mMount unit for snapd, revision 11588[0m.
[[0;32m  OK  [0m] Started [0;1;39mMySQL Community Server[0m.
[[0;32m  OK  [0m] Reached target [0;1;39mMulti-User System[0m.
[[0;32m  OK  [0m] Reached target [0;1;39mGraphical Interface[0m.
         Starting [0;1;39mExecute cloud user/final scripts[0m...
         Starting [0;1;39mUpdate UTMP about System Runlevel Changes[0m...
[[0;32m  OK  [0m] Finished [0;1;39mUpdate UTMP about System Runlevel Changes[0m.
[[0;32m  OK  [0m] Stopped [0;1;39mSnap Daemon[0m.
         Starting [0;1;39mSnap Daemon[0m...
[[0;32m  OK  [0m] Started [0;1;39mSnap Daemon[0m.
[  194.516197] cloud-init[2272]: Cloud-init v. 20.4.1-0ubuntu1~20.04.1 running 'modules:final' at Wed, 05 May 2021 15:02:40 +0000. Up 193.34 seconds.
[[0;32m  OK  [0m] Finished [0;1;39mExecute cloud user/final scripts[0m.
[[0;32m  OK  [0m] Reached target [0;1;39mCloud-init target[0m.
[  194.576842] cloud-init[2272]: Cloud-init v. 20.4.1-0ubuntu1~20.04.1 finished at Wed, 05 May 2021 15:02:41 +0000. Datasource DataSourceNoCloud [seed=/dev/sdb][dsmode=net].  Up 194.51 seconds
